<?xml version="1.0" encoding="UTF-8"?>
<!-- Generated by org.testng.reporters.JUnitXMLReporter -->
<testsuite ignored="0" hostname="GANESH" failures="1" tests="48" name="Test" time="22.225" errors="0" timestamp="2022-09-27T21:13:47 IST">
  <testcase classname="GroupingPractice.TestCase3" name="Test7" time="0.008"/>
  <testcase classname="GroupingPractice.TestCase3" name="Test8" time="0.001"/>
  <testcase classname="GroupingPractice.TestCase3" name="Test9" time="0.001"/>
  <testcase classname="GroupingPractice.TestCase2" name="Test4" time="0.001"/>
  <testcase classname="GroupingPractice.TestCase2" name="Test5" time="0.001"/>
  <testcase classname="GroupingPractice.TestCase2" name="Test6" time="0.0"/>
  <testcase classname="GroupingPractice.TestCase1" name="Test1" time="0.001"/>
  <testcase classname="GroupingPractice.TestCase1" name="Test2" time="0.001"/>
  <testcase classname="GroupingPractice.TestCase1" name="Test3" time="0.001"/>
  <testcase classname="KeywordsPractice.DependsonMethodKeywordPractice" name="OpenUrl" time="0.002">
    <failure type="java.lang.AssertionError" message="null">
      <![CDATA[java.lang.AssertionError: null
at KeywordsPractice.DependsonMethodKeywordPractice.OpenUrl(DependsonMethodKeywordPractice.java:11)
at java.base/java.util.ArrayList.forEach(ArrayList.java:1511)
... Removed 29 stack frames]]>
    </failure>
  </testcase> <!-- OpenUrl -->
  <testcase classname="KeywordsPractice.DependsonMethodKeywordPractice" name="Login" time="0.0">
    <skipped/>
  </testcase> <!-- Login -->
  <testcase classname="KeywordsPractice.DependsonMethodKeywordPractice" name="Logout" time="0.0">
    <skipped/>
  </testcase> <!-- Logout -->
  <testcase classname="KeywordsPractice.InvocationCountPractice" name="HomePageTest" time="0.001"/>
  <testcase classname="KeywordsPractice.InvocationCountPractice" name="NotificationPageTest" time="0.001"/>
  <testcase classname="KeywordsPractice.InvocationCountPractice" name="NotificationPageTest" time="0.0"/>
  <testcase classname="KeywordsPractice.InvocationCountPractice" name="NotificationPageTest" time="0.001"/>
  <testcase classname="KeywordsPractice.InvocationCountPractice" name="NotificationPageTest" time="0.001"/>
  <testcase classname="KeywordsPractice.InvocationCountPractice" name="NotificationPageTest" time="0.001"/>
  <testcase classname="Basics.BeforeMethodAfterMethodPractice" name="profilepage" time="0.001"/>
  <testcase classname="Basics.BeforeMethodAfterMethodPractice" name="notificationpage" time="0.001"/>
  <testcase classname="Basics.BeforeMethodAfterMethodPractice" name="homepage" time="0.001"/>
  <testcase classname="KeywordsPractice.InvocationCountWithThreadPoolSizePractice" name="OpenBrowser" time="6.032"/>
  <testcase classname="KeywordsPractice.InvocationCountWithThreadPoolSizePractice" name="OpenBrowser" time="4.015"/>
  <testcase classname="KeywordsPractice.InvocationCountWithThreadPoolSizePractice" name="OpenBrowser" time="4.038"/>
  <testcase classname="KeywordsPractice.InvocationCountWithThreadPoolSizePractice" name="OpenBrowser" time="3.983"/>
  <testcase classname="KeywordsPractice.InvocationCountWithThreadPoolSizePractice" name="OpenBrowser" time="4.03"/>
  <testcase classname="TestAnnotationPractice.TestCase1" name="m1" time="0.001"/>
  <testcase classname="TestAnnotationPractice.TestCase1" name="m2" time="0.0"/>
  <testcase classname="TestAnnotationPractice.TestCase1" name="m3" time="0.001"/>
  <testcase classname="TestAnnotationPractice.TestCase2" name="m4" time="0.0"/>
  <testcase classname="TestAnnotationPractice.TestCase2" name="m5" time="0.001"/>
  <testcase classname="TestAnnotationPractice.TestCase2" name="m6" time="0.001"/>
  <testcase classname="KeywordsPractice.EnabledKeywordPractice" name="SettingsPageTest" time="0.001"/>
  <testcase classname="KeywordsPractice.EnabledKeywordPractice" name="HomePageTest" time="0.001"/>
  <testcase classname="KeywordsPractice.EnabledKeywordPractice" name="NotificationPageTest" time="0.0"/>
  <testcase classname="KeywordsPractice.EnabledKeywordPractice" name="NotificationPageTest" time="0.0"/>
  <testcase classname="KeywordsPractice.EnabledKeywordPractice" name="NotificationPageTest" time="0.0"/>
  <testcase classname="KeywordsPractice.EnabledKeywordPractice" name="NotificationPageTest" time="0.0"/>
  <testcase classname="KeywordsPractice.EnabledKeywordPractice" name="NotificationPageTest" time="0.001"/>
  <testcase classname="SuiteAnnotationPractice.TestCase2" name="m4" time="0.001"/>
  <testcase classname="SuiteAnnotationPractice.TestCase2" name="m5" time="0.001"/>
  <testcase classname="SuiteAnnotationPractice.TestCase2" name="m6" time="0.001"/>
  <testcase classname="SuiteAnnotationPractice.TestCase1" name="m1" time="0.0"/>
  <testcase classname="SuiteAnnotationPractice.TestCase1" name="m2" time="0.001"/>
  <testcase classname="SuiteAnnotationPractice.TestCase1" name="m3" time="0.001"/>
  <testcase classname="Basics.Introduction" name="openUrl" time="0.001"/>
  <testcase classname="Basics.Introduction" name="login" time="0.001"/>
  <testcase classname="Basics.Introduction" name="logout" time="0.001"/>
</testsuite> <!-- Test -->
