<?xml version="1.0" encoding="UTF-8"?>
<!-- Generated by org.testng.reporters.JUnitXMLReporter -->
<testsuite ignored="0" hostname="GANESH" failures="0" tests="6" name="Chrome Test" time="7.225" errors="0" timestamp="2022-09-29T11:21:07 IST">
  <testcase classname="ParameterisationCrossBrowserPractice.AllBrowser" name="CrossBrowserTesting" time="6.134"/>
  <testcase classname="ParameterisationCrossBrowserPractice.AllBrowser" name="VerifyCurrentUrl" time="0.052"/>
  <testcase classname="ParameterisationCrossBrowserPractice.AllBrowser" name="VerifyPageTitle" time="0.022"/>
  <testcase classname="ParameterisationCrossBrowserPractice.AllBrowser" name="VerifyUserNameField" time="0.317"/>
  <testcase classname="ParameterisationCrossBrowserPractice.AllBrowser" name="VerifyPasswordField" time="0.359"/>
  <testcase classname="ParameterisationCrossBrowserPractice.AllBrowser" name="ClickforgotPasswordLink" time="0.188"/>
</testsuite> <!-- Chrome Test -->
