<?xml version="1.0" encoding="UTF-8"?>
<!-- Generated by org.testng.reporters.JUnitXMLReporter -->
<testsuite ignored="0" hostname="GANESH" failures="0" tests="6" name="Firefox Test" time="8.832" errors="0" timestamp="2022-09-29T11:21:08 IST">
  <testcase classname="ParameterisationCrossBrowserPractice.AllBrowser" name="CrossBrowserTesting" time="8.004"/>
  <testcase classname="ParameterisationCrossBrowserPractice.AllBrowser" name="VerifyCurrentUrl" time="0.035"/>
  <testcase classname="ParameterisationCrossBrowserPractice.AllBrowser" name="VerifyPageTitle" time="0.03"/>
  <testcase classname="ParameterisationCrossBrowserPractice.AllBrowser" name="VerifyUserNameField" time="0.228"/>
  <testcase classname="ParameterisationCrossBrowserPractice.AllBrowser" name="VerifyPasswordField" time="0.264"/>
  <testcase classname="ParameterisationCrossBrowserPractice.AllBrowser" name="ClickforgotPasswordLink" time="0.158"/>
</testsuite> <!-- Firefox Test -->
