<?xml version="1.0" encoding="UTF-8"?>
<!-- Generated by org.testng.reporters.JUnitXMLReporter -->
<testsuite ignored="0" hostname="GANESH" failures="0" tests="6" name="Test" time="3.778" errors="0" timestamp="2022-09-28T23:24:43 IST">
  <testcase classname="ParameterisationCrossBrowserPractice.AllBrowser" name="CrossBrowserTesting" time="3.472"/>
  <testcase classname="ParameterisationCrossBrowserPractice.AllBrowser" name="VerifyCurrentUrl" time="0.011"/>
  <testcase classname="ParameterisationCrossBrowserPractice.AllBrowser" name="VerifyPageTitle" time="0.006"/>
  <testcase classname="ParameterisationCrossBrowserPractice.AllBrowser" name="VerifyUserNameField" time="0.11"/>
  <testcase classname="ParameterisationCrossBrowserPractice.AllBrowser" name="VerifyPasswordField" time="0.084"/>
  <testcase classname="ParameterisationCrossBrowserPractice.AllBrowser" name="ClickforgotPasswordLink" time="0.056"/>
</testsuite> <!-- Test -->
