<?xml version="1.0" encoding="UTF-8"?>
<testng-results ignored="0" total="1" passed="1" failed="0" skipped="0">
  <reporter-output>
  </reporter-output>
  <suite started-at="2022-10-01T18:15:33 IST" name="Default suite" finished-at="2022-10-01T18:15:37 IST" duration-ms="3985">
    <groups>
    </groups>
    <test started-at="2022-10-01T18:15:33 IST" name="Default test" finished-at="2022-10-01T18:15:37 IST" duration-ms="3985">
      <class name="PomWithPageFactoryPractice.RegistrationTest">
        <test-method is-config="true" signature="setup()[pri:0, instance:PomWithPageFactoryPractice.RegistrationTest@7e5afaa6]" started-at="2022-10-01T18:15:33 IST" name="setup" finished-at="2022-10-01T18:15:35 IST" duration-ms="2170" status="PASS">
          <reporter-output>
          </reporter-output>
        </test-method> <!-- setup -->
        <test-method signature="FacebookRegistrationPageTest_Positive()[pri:0, instance:PomWithPageFactoryPractice.RegistrationTest@7e5afaa6]" started-at="2022-10-01T18:15:35 IST" name="FacebookRegistrationPageTest_Positive" finished-at="2022-10-01T18:15:37 IST" duration-ms="1767" status="PASS">
          <reporter-output>
          </reporter-output>
        </test-method> <!-- FacebookRegistrationPageTest_Positive -->
        <test-method is-config="true" signature="teardown()[pri:0, instance:PomWithPageFactoryPractice.RegistrationTest@7e5afaa6]" started-at="2022-10-01T18:15:37 IST" name="teardown" finished-at="2022-10-01T18:15:37 IST" duration-ms="0" status="PASS">
          <reporter-output>
          </reporter-output>
        </test-method> <!-- teardown -->
      </class> <!-- PomWithPageFactoryPractice.RegistrationTest -->
    </test> <!-- Default test -->
  </suite> <!-- Default suite -->
</testng-results>
